Arguments: 
  /usr/local/bin/node /usr/local/bin/yarn add express sequalize mysql

PATH: 
  /Library/Frameworks/Python.framework/Versions/3.6/bin:/Users/andrewnguyen/bin:/usr/bin:/bin:/usr/sbin:/sbin:/usr/local/bin

Yarn version: 
  1.3.2

Node version: 
  8.11.1

Platform: 
  darwin x64

npm manifest: 
  {
    "name": "sequlizer",
    "version": "1.0.0",
    "description": "",
    "main": "index.js",
    "scripts": {
      "test": "echo \"Error: no test specified\" && exit 1"
    },
    "author": "",
    "license": "ISC"
  }

yarn manifest: 
  No manifest

Lockfile: 
  No lockfile

Trace: 
  Error: https://registry.yarnpkg.com/sequalize: Not found
      at Request.params.callback [as _callback] (/usr/local/lib/node_modules/yarn/lib/cli.js:62098:18)
      at Request.self.callback (/usr/local/lib/node_modules/yarn/lib/cli.js:123085:22)
      at emitTwo (events.js:126:13)
      at Request.emit (events.js:214:7)
      at Request.<anonymous> (/usr/local/lib/node_modules/yarn/lib/cli.js:124068:10)
      at emitOne (events.js:116:13)
      at Request.emit (events.js:211:7)
      at IncomingMessage.<anonymous> (/usr/local/lib/node_modules/yarn/lib/cli.js:123988:12)
      at Object.onceWrapper (events.js:313:30)
      at emitNone (events.js:111:20)
